<?xml version="1.0" encoding="UTF-8"?>
<!-- Generated by org.testng.reporters.JUnitXMLReporter -->
<testsuite ignored="0" hostname="LAPTOP-EU9OVVSS" failures="0" tests="1" name="Sauce Demo Test" time="24.474" errors="0" timestamp="2023-08-04T16:03:24 ICT">
  <testcase classname="test.cases.BaseTest" name="@BeforeClass configEnvironment" time="0.005">
    <failure type="org.openqa.selenium.remote.NoSuchDriverException" message="chromedriver located at ..\..\..\..\..\drivers\chromedriver.exe, but invalid
For documentation on this error, please visit: https://www.selenium.dev/documentation/webdriver/troubleshooting/errors/driver_location/
Build info: version: &amp;apos;4.10.0&amp;apos;, revision: &amp;apos;c14d967899&amp;apos;
System info: os.name: &amp;apos;Windows 11&amp;apos;, os.arch: &amp;apos;amd64&amp;apos;, os.version: &amp;apos;10.0&amp;apos;, java.version: &amp;apos;11.0.18&amp;apos;
Driver info: driver.version: ChromeDriver">
      <![CDATA[org.openqa.selenium.remote.NoSuchDriverException: chromedriver located at ..\..\..\..\..\drivers\chromedriver.exe, but invalid
For documentation on this error, please visit: https://www.selenium.dev/documentation/webdriver/troubleshooting/errors/driver_location/
Build info: version: '4.10.0', revision: 'c14d967899'
System info: os.name: 'Windows 11', os.arch: 'amd64', os.version: '10.0', java.version: '11.0.18'
Driver info: driver.version: ChromeDriver
at org.openqa.selenium.remote.service.DriverFinder.getPath(DriverFinder.java:45)
at org.openqa.selenium.chrome.ChromeDriver.generateExecutor(ChromeDriver.java:98)
at org.openqa.selenium.chrome.ChromeDriver.<init>(ChromeDriver.java:87)
at org.openqa.selenium.chrome.ChromeDriver.<init>(ChromeDriver.java:82)
at org.openqa.selenium.chrome.ChromeDriver.<init>(ChromeDriver.java:50)
at test.cases.BaseTest.configEnvironment(BaseTest.java:69)
at java.base/java.util.ArrayList.forEach(ArrayList.java:1541)
... Removed 29 stack frames]]>
    </failure>
  </testcase> <!-- @BeforeClass configEnvironment -->
  <testcase classname="test.cases.BaseTest" name="@BeforeMethod goToApps" time="0.0">
    <skipped/>
  </testcase> <!-- @BeforeMethod goToApps -->
  <testcase classname="test.cases.BaseTest" name="@BeforeMethod initClass" time="0.0">
    <skipped/>
  </testcase> <!-- @BeforeMethod initClass -->
  <testcase classname="test.cases.CheckoutItemsE2ETest" name="checkoutSeveralItemsUntilSuccessfullyTest" time="16.267"/>
</testsuite> <!-- Sauce Demo Test -->
