<?xml version="1.0" encoding="UTF-8"?>
<!-- Generated by org.testng.reporters.JUnitXMLReporter -->
<testsuite ignored="0" hostname="LAPTOP-OH5ER23C" failures="2" tests="3" name="Vendor Registration" time="271.306" errors="0" timestamp="2023-06-15T14:29:22 ICT">
  <testcase classname="test.cases.vm.VendorRegistrationLocalCompanyTest" name="vendorRegistrationLocalCompanyTest" time="39.211">
    <failure type="junit.framework.ComparisonFailure" message="expected:&amp;lt;...&amp;gt; but was:&amp;lt;... Confirmation&amp;gt;">
      <![CDATA[junit.framework.ComparisonFailure: expected:<...> but was:<... Confirmation>
at junit.framework.Assert.assertEquals(Assert.java:81)
at junit.framework.Assert.assertEquals(Assert.java:87)
at locator.pages.BasePage.assertEqualsTo(BasePage.java:211)
at locator.pages.vm.RegistrationConfirmationPage.verifyRegistrationConfirmationPage(RegistrationConfirmationPage.java:29)
at test.cases.vm.VendorRegistrationLocalCompanyTest.vendorRegistrationLocalCompanyTest(VendorRegistrationLocalCompanyTest.java:68)
at java.base/java.util.ArrayList.forEach(ArrayList.java:1541)
... Removed 27 stack frames]]>
    </failure>
  </testcase> <!-- vendorRegistrationLocalCompanyTest -->
  <testcase classname="test.cases.vm.VendorRegistrationForeignCompanyTest" name="vendorRegistrationForeignCompanyTest" time="73.677">
    <failure type="junit.framework.ComparisonFailure" message="expected:&amp;lt;&amp;gt; but was:&amp;lt;Registration Success&amp;gt;">
      <![CDATA[junit.framework.ComparisonFailure: expected:<> but was:<Registration Success>
at junit.framework.Assert.assertEquals(Assert.java:81)
at junit.framework.Assert.assertEquals(Assert.java:87)
at locator.pages.BasePage.assertEqualsTo(BasePage.java:211)
at locator.pages.LandingPage.verifyLandingPageRegistrationSuccess(LandingPage.java:41)
at test.cases.vm.VendorRegistrationForeignCompanyTest.vendorRegistrationForeignCompanyTest(VendorRegistrationForeignCompanyTest.java:93)
at java.base/java.util.ArrayList.forEach(ArrayList.java:1541)
... Removed 27 stack frames]]>
    </failure>
  </testcase> <!-- vendorRegistrationForeignCompanyTest -->
  <testcase classname="test.cases.vm.VendorRegistrationIndividualTest" name="vendorRegistrationIndividualTest" time="76.694"/>
</testsuite> <!-- Vendor Registration -->
